                                      1 ;--------------------------------------------------------
                                      2 ; File Created by SDCC : free open source ISO C Compiler 
                                      3 ; Version 4.2.2 #13350 (MINGW64)
                                      4 ;--------------------------------------------------------
                                      5 	.module sprite_old
                                      6 	.optsdcc -mz80
                                      7 	
                                      8 ;--------------------------------------------------------
                                      9 ; Public variables in this module
                                     10 ;--------------------------------------------------------
                                     11 	.globl _sprite_old_metasprites
                                     12 	.globl _sprite_old_metasprite4
                                     13 	.globl _sprite_old_metasprite3
                                     14 	.globl _sprite_old_metasprite2
                                     15 	.globl _sprite_old_metasprite1
                                     16 	.globl _sprite_old_metasprite0
                                     17 	.globl _sprite_old_tiles
                                     18 	.globl _sprite_old_palettes
                                     19 	.globl b___func_sprite_old
                                     20 	.globl ___func_sprite_old
                                     21 ;--------------------------------------------------------
                                     22 ; special function registers
                                     23 ;--------------------------------------------------------
                           00003E    24 _MEMORY_CTL	=	0x003e
                           00003F    25 _JOY_CTL	=	0x003f
                           00007E    26 _VCOUNTER	=	0x007e
                           00007F    27 _PSG	=	0x007f
                           00007F    28 _HCOUNTER	=	0x007f
                           000098    29 _VDP_DATA	=	0x0098
                           000099    30 _VDP_CMD	=	0x0099
                           000099    31 _VDP_STATUS	=	0x0099
                           0000DC    32 _JOY_PORT1	=	0x00dc
                           0000DD    33 _JOY_PORT2	=	0x00dd
                           0000F0    34 _FMADDRESS	=	0x00f0
                           0000F1    35 _FMDATA	=	0x00f1
                           0000F2    36 _AUDIOCTRL	=	0x00f2
                           0000FC    37 _MAP_FRAME0	=	0x00fc
                           0000FD    38 _MAP_FRAME1	=	0x00fd
                           0000FE    39 _MAP_FRAME2	=	0x00fe
                           0000FF    40 _MAP_FRAME3	=	0x00ff
                                     41 ;--------------------------------------------------------
                                     42 ; ram data
                                     43 ;--------------------------------------------------------
                                     44 	.area _DATA
                                     45 ;--------------------------------------------------------
                                     46 ; ram data
                                     47 ;--------------------------------------------------------
                                     48 	.area _INITIALIZED
                                     49 ;--------------------------------------------------------
                                     50 ; absolute external ram data
                                     51 ;--------------------------------------------------------
                                     52 	.area _DABS (ABS)
                                     53 ;--------------------------------------------------------
                                     54 ; global & static initialisations
                                     55 ;--------------------------------------------------------
                                     56 	.area _HOME
                                     57 	.area _GSINIT
                                     58 	.area _GSFINAL
                                     59 	.area _GSINIT
                                     60 ;--------------------------------------------------------
                                     61 ; Home
                                     62 ;--------------------------------------------------------
                                     63 	.area _HOME
                                     64 	.area _HOME
                                     65 ;--------------------------------------------------------
                                     66 ; code
                                     67 ;--------------------------------------------------------
                                     68 	.area _CODE
                                     69 ;obj/msxdos/res/sprite_old.c:7: BANKREF(sprite_old)
                                     70 ;	---------------------------------
                                     71 ; Function __func_sprite_old
                                     72 ; ---------------------------------
                           000000    73 	b___func_sprite_old	= 0
      000000                         74 ___func_sprite_old::
                                     75 	.local b___func_sprite_old 
                           000000    76 	___bank_sprite_old = b___func_sprite_old 
                                     77 	.globl ___bank_sprite_old 
                                     78 	.area _CODE
      000000                         79 _sprite_old_palettes:
      000000 3F                      80 	.db #0x3f	; 63
      000001 3F                      81 	.db #0x3f	; 63
      000002 1E                      82 	.db #0x1e	; 30
      000003 00                      83 	.db #0x00	; 0
      000004                         84 _sprite_old_tiles:
      000004 00                      85 	.db #0x00	; 0
      000005 00                      86 	.db #0x00	; 0
      000006 00                      87 	.db #0x00	; 0
      000007 00                      88 	.db #0x00	; 0
      000008 00                      89 	.db #0x00	; 0
      000009 00                      90 	.db #0x00	; 0
      00000A 03                      91 	.db #0x03	; 3
      00000B 03                      92 	.db #0x03	; 3
      00000C 0D                      93 	.db #0x0d	; 13
      00000D 0E                      94 	.db #0x0e	; 14
      00000E 1F                      95 	.db #0x1f	; 31
      00000F 10                      96 	.db #0x10	; 16
      000010 3F                      97 	.db #0x3f	; 63
      000011 20                      98 	.db #0x20	; 32
      000012 3F                      99 	.db #0x3f	; 63
      000013 20                     100 	.db #0x20	; 32
      000014 00                     101 	.db #0x00	; 0
      000015 00                     102 	.db #0x00	; 0
      000016 03                     103 	.db #0x03	; 3
      000017 03                     104 	.db #0x03	; 3
      000018 FD                     105 	.db #0xfd	; 253
      000019 FE                     106 	.db #0xfe	; 254
      00001A 3F                     107 	.db #0x3f	; 63
      00001B C0                     108 	.db #0xc0	; 192
      00001C FF                     109 	.db #0xff	; 255
      00001D 0C                     110 	.db #0x0c	; 12
      00001E FF                     111 	.db #0xff	; 255
      00001F 13                     112 	.db #0x13	; 19
      000020 F7                     113 	.db #0xf7	; 247
      000021 08                     114 	.db #0x08	; 8
      000022 C1                     115 	.db #0xc1	; 193
      000023 3E                     116 	.db #0x3e	; 62
      000024 7F                     117 	.db #0x7f	; 127
      000025 7F                     118 	.db #0x7f	; 127
      000026 9F                     119 	.db #0x9f	; 159
      000027 E0                     120 	.db #0xe0	; 224
      000028 FF                     121 	.db #0xff	; 255
      000029 00                     122 	.db #0x00	; 0
      00002A FF                     123 	.db #0xff	; 255
      00002B 00                     124 	.db #0x00	; 0
      00002C FF                     125 	.db #0xff	; 255
      00002D 00                     126 	.db #0x00	; 0
      00002E FF                     127 	.db #0xff	; 255
      00002F 00                     128 	.db #0x00	; 0
      000030 FF                     129 	.db #0xff	; 255
      000031 80                     130 	.db #0x80	; 128
      000032 FF                     131 	.db #0xff	; 255
      000033 40                     132 	.db #0x40	; 64
      000034 F0                     133 	.db #0xf0	; 240
      000035 F0                     134 	.db #0xf0	; 240
      000036 CF                     135 	.db #0xcf	; 207
      000037 3F                     136 	.db #0x3f	; 63
      000038 FF                     137 	.db #0xff	; 255
      000039 00                     138 	.db #0x00	; 0
      00003A FF                     139 	.db #0xff	; 255
      00003B 00                     140 	.db #0x00	; 0
      00003C FF                     141 	.db #0xff	; 255
      00003D 00                     142 	.db #0x00	; 0
      00003E FF                     143 	.db #0xff	; 255
      00003F 00                     144 	.db #0x00	; 0
      000040 FF                     145 	.db #0xff	; 255
      000041 00                     146 	.db #0x00	; 0
      000042 FF                     147 	.db #0xff	; 255
      000043 00                     148 	.db #0x00	; 0
      000044 00                     149 	.db #0x00	; 0
      000045 00                     150 	.db #0x00	; 0
      000046 C0                     151 	.db #0xc0	; 192
      000047 C0                     152 	.db #0xc0	; 192
      000048 3C                     153 	.db #0x3c	; 60
      000049 FC                     154 	.db #0xfc	; 252
      00004A F3                     155 	.db #0xf3	; 243
      00004B 0F                     156 	.db #0x0f	; 15
      00004C FF                     157 	.db #0xff	; 255
      00004D 00                     158 	.db #0x00	; 0
      00004E FF                     159 	.db #0xff	; 255
      00004F 00                     160 	.db #0x00	; 0
      000050 FF                     161 	.db #0xff	; 255
      000051 00                     162 	.db #0x00	; 0
      000052 FF                     163 	.db #0xff	; 255
      000053 00                     164 	.db #0x00	; 0
      000054 00                     165 	.db #0x00	; 0
      000055 00                     166 	.db #0x00	; 0
      000056 00                     167 	.db #0x00	; 0
      000057 00                     168 	.db #0x00	; 0
      000058 00                     169 	.db #0x00	; 0
      000059 00                     170 	.db #0x00	; 0
      00005A C0                     171 	.db #0xc0	; 192
      00005B C0                     172 	.db #0xc0	; 192
      00005C B0                     173 	.db #0xb0	; 176
      00005D 70                     174 	.db #0x70	; 112	'p'
      00005E F8                     175 	.db #0xf8	; 248
      00005F 08                     176 	.db #0x08	; 8
      000060 FC                     177 	.db #0xfc	; 252
      000061 04                     178 	.db #0x04	; 4
      000062 FC                     179 	.db #0xfc	; 252
      000063 04                     180 	.db #0x04	; 4
      000064 3F                     181 	.db #0x3f	; 63
      000065 20                     182 	.db #0x20	; 32
      000066 3F                     183 	.db #0x3f	; 63
      000067 20                     184 	.db #0x20	; 32
      000068 3F                     185 	.db #0x3f	; 63
      000069 20                     186 	.db #0x20	; 32
      00006A 3F                     187 	.db #0x3f	; 63
      00006B 20                     188 	.db #0x20	; 32
      00006C 3F                     189 	.db #0x3f	; 63
      00006D 20                     190 	.db #0x20	; 32
      00006E 3F                     191 	.db #0x3f	; 63
      00006F 23                     192 	.db #0x23	; 35
      000070 3D                     193 	.db #0x3d	; 61
      000071 23                     194 	.db #0x23	; 35
      000072 5E                     195 	.db #0x5e	; 94
      000073 61                     196 	.db #0x61	; 97	'a'
      000074 C0                     197 	.db #0xc0	; 192
      000075 3F                     198 	.db #0x3f	; 63
      000076 C0                     199 	.db #0xc0	; 192
      000077 3F                     200 	.db #0x3f	; 63
      000078 C0                     201 	.db #0xc0	; 192
      000079 3F                     202 	.db #0x3f	; 63
      00007A CF                     203 	.db #0xcf	; 207
      00007B 30                     204 	.db #0x30	; 48	'0'
      00007C FF                     205 	.db #0xff	; 255
      00007D 08                     206 	.db #0x08	; 8
      00007E BF                     207 	.db #0xbf	; 191
      00007F C4                     208 	.db #0xc4	; 196
      000080 E7                     209 	.db #0xe7	; 231
      000081 DC                     210 	.db #0xdc	; 220
      000082 07                     211 	.db #0x07	; 7
      000083 FC                     212 	.db #0xfc	; 252
      000084 FF                     213 	.db #0xff	; 255
      000085 20                     214 	.db #0x20	; 32
      000086 7F                     215 	.db #0x7f	; 127
      000087 A0                     216 	.db #0xa0	; 160
      000088 7F                     217 	.db #0x7f	; 127
      000089 90                     218 	.db #0x90	; 144
      00008A FF                     219 	.db #0xff	; 255
      00008B 10                     220 	.db #0x10	; 16
      00008C FF                     221 	.db #0xff	; 255
      00008D 10                     222 	.db #0x10	; 16
      00008E DF                     223 	.db #0xdf	; 223
      00008F 30                     224 	.db #0x30	; 48	'0'
      000090 FF                     225 	.db #0xff	; 255
      000091 60                     226 	.db #0x60	; 96
      000092 BF                     227 	.db #0xbf	; 191
      000093 C0                     228 	.db #0xc0	; 192
      000094 FF                     229 	.db #0xff	; 255
      000095 00                     230 	.db #0x00	; 0
      000096 FF                     231 	.db #0xff	; 255
      000097 00                     232 	.db #0x00	; 0
      000098 FF                     233 	.db #0xff	; 255
      000099 00                     234 	.db #0x00	; 0
      00009A FF                     235 	.db #0xff	; 255
      00009B 00                     236 	.db #0x00	; 0
      00009C FF                     237 	.db #0xff	; 255
      00009D 00                     238 	.db #0x00	; 0
      00009E FF                     239 	.db #0xff	; 255
      00009F 00                     240 	.db #0x00	; 0
      0000A0 FF                     241 	.db #0xff	; 255
      0000A1 00                     242 	.db #0x00	; 0
      0000A2 3F                     243 	.db #0x3f	; 63
      0000A3 C0                     244 	.db #0xc0	; 192
      0000A4 FF                     245 	.db #0xff	; 255
      0000A5 00                     246 	.db #0x00	; 0
      0000A6 FF                     247 	.db #0xff	; 255
      0000A7 00                     248 	.db #0x00	; 0
      0000A8 FF                     249 	.db #0xff	; 255
      0000A9 00                     250 	.db #0x00	; 0
      0000AA FF                     251 	.db #0xff	; 255
      0000AB 00                     252 	.db #0x00	; 0
      0000AC FF                     253 	.db #0xff	; 255
      0000AD 00                     254 	.db #0x00	; 0
      0000AE FF                     255 	.db #0xff	; 255
      0000AF 00                     256 	.db #0x00	; 0
      0000B0 FF                     257 	.db #0xff	; 255
      0000B1 00                     258 	.db #0x00	; 0
      0000B2 FC                     259 	.db #0xfc	; 252
      0000B3 03                     260 	.db #0x03	; 3
      0000B4 FE                     261 	.db #0xfe	; 254
      0000B5 02                     262 	.db #0x02	; 2
      0000B6 FE                     263 	.db #0xfe	; 254
      0000B7 02                     264 	.db #0x02	; 2
      0000B8 FD                     265 	.db #0xfd	; 253
      0000B9 03                     266 	.db #0x03	; 3
      0000BA FF                     267 	.db #0xff	; 255
      0000BB 01                     268 	.db #0x01	; 1
      0000BC FF                     269 	.db #0xff	; 255
      0000BD 01                     270 	.db #0x01	; 1
      0000BE FF                     271 	.db #0xff	; 255
      0000BF 01                     272 	.db #0x01	; 1
      0000C0 FF                     273 	.db #0xff	; 255
      0000C1 00                     274 	.db #0x00	; 0
      0000C2 7F                     275 	.db #0x7f	; 127
      0000C3 80                     276 	.db #0x80	; 128
      0000C4 00                     277 	.db #0x00	; 0
      0000C5 00                     278 	.db #0x00	; 0
      0000C6 00                     279 	.db #0x00	; 0
      0000C7 00                     280 	.db #0x00	; 0
      0000C8 00                     281 	.db #0x00	; 0
      0000C9 00                     282 	.db #0x00	; 0
      0000CA 00                     283 	.db #0x00	; 0
      0000CB 00                     284 	.db #0x00	; 0
      0000CC 00                     285 	.db #0x00	; 0
      0000CD 00                     286 	.db #0x00	; 0
      0000CE 00                     287 	.db #0x00	; 0
      0000CF 00                     288 	.db #0x00	; 0
      0000D0 80                     289 	.db #0x80	; 128
      0000D1 80                     290 	.db #0x80	; 128
      0000D2 80                     291 	.db #0x80	; 128
      0000D3 80                     292 	.db #0x80	; 128
      0000D4 5E                     293 	.db #0x5e	; 94
      0000D5 61                     294 	.db #0x61	; 97	'a'
      0000D6 7C                     295 	.db #0x7c	; 124
      0000D7 43                     296 	.db #0x43	; 67	'C'
      0000D8 78                     297 	.db #0x78	; 120	'x'
      0000D9 47                     298 	.db #0x47	; 71	'G'
      0000DA 79                     299 	.db #0x79	; 121	'y'
      0000DB 47                     300 	.db #0x47	; 71	'G'
      0000DC BB                     301 	.db #0xbb	; 187
      0000DD C7                     302 	.db #0xc7	; 199
      0000DE B3                     303 	.db #0xb3	; 179
      0000DF CF                     304 	.db #0xcf	; 207
      0000E0 F2                     305 	.db #0xf2	; 242
      0000E1 8E                     306 	.db #0x8e	; 142
      0000E2 F4                     307 	.db #0xf4	; 244
      0000E3 8C                     308 	.db #0x8c	; 140
      0000E4 02                     309 	.db #0x02	; 2
      0000E5 FF                     310 	.db #0xff	; 255
      0000E6 03                     311 	.db #0x03	; 3
      0000E7 FF                     312 	.db #0xff	; 255
      0000E8 00                     313 	.db #0x00	; 0
      0000E9 FF                     314 	.db #0xff	; 255
      0000EA 87                     315 	.db #0x87	; 135
      0000EB FF                     316 	.db #0xff	; 255
      0000EC FF                     317 	.db #0xff	; 255
      0000ED FF                     318 	.db #0xff	; 255
      0000EE C1                     319 	.db #0xc1	; 193
      0000EF C1                     320 	.db #0xc1	; 193
      0000F0 01                     321 	.db #0x01	; 1
      0000F1 01                     322 	.db #0x01	; 1
      0000F2 00                     323 	.db #0x00	; 0
      0000F3 00                     324 	.db #0x00	; 0
      0000F4 BD                     325 	.db #0xbd	; 189
      0000F5 C2                     326 	.db #0xc2	; 194
      0000F6 3C                     327 	.db #0x3c	; 60
      0000F7 C3                     328 	.db #0xc3	; 195
      0000F8 7E                     329 	.db #0x7e	; 126
      0000F9 81                     330 	.db #0x81	; 129
      0000FA FF                     331 	.db #0xff	; 255
      0000FB 80                     332 	.db #0x80	; 128
      0000FC FF                     333 	.db #0xff	; 255
      0000FD 80                     334 	.db #0x80	; 128
      0000FE BF                     335 	.db #0xbf	; 191
      0000FF C0                     336 	.db #0xc0	; 192
      000100 FF                     337 	.db #0xff	; 255
      000101 C0                     338 	.db #0xc0	; 192
      000102 FF                     339 	.db #0xff	; 255
      000103 C0                     340 	.db #0xc0	; 192
      000104 07                     341 	.db #0x07	; 7
      000105 F8                     342 	.db #0xf8	; 248
      000106 00                     343 	.db #0x00	; 0
      000107 FF                     344 	.db #0xff	; 255
      000108 00                     345 	.db #0x00	; 0
      000109 FF                     346 	.db #0xff	; 255
      00010A 00                     347 	.db #0x00	; 0
      00010B FF                     348 	.db #0xff	; 255
      00010C 00                     349 	.db #0x00	; 0
      00010D FF                     350 	.db #0xff	; 255
      00010E 00                     351 	.db #0x00	; 0
      00010F FF                     352 	.db #0xff	; 255
      000110 40                     353 	.db #0x40	; 64
      000111 FF                     354 	.db #0xff	; 255
      000112 40                     355 	.db #0x40	; 64
      000113 FF                     356 	.db #0xff	; 255
      000114 E0                     357 	.db #0xe0	; 224
      000115 1F                     358 	.db #0x1f	; 31
      000116 00                     359 	.db #0x00	; 0
      000117 FF                     360 	.db #0xff	; 255
      000118 00                     361 	.db #0x00	; 0
      000119 FF                     362 	.db #0xff	; 255
      00011A 00                     363 	.db #0x00	; 0
      00011B FF                     364 	.db #0xff	; 255
      00011C 00                     365 	.db #0x00	; 0
      00011D FF                     366 	.db #0xff	; 255
      00011E 00                     367 	.db #0x00	; 0
      00011F FF                     368 	.db #0xff	; 255
      000120 02                     369 	.db #0x02	; 2
      000121 FF                     370 	.db #0xff	; 255
      000122 02                     371 	.db #0x02	; 2
      000123 FF                     372 	.db #0xff	; 255
      000124 7F                     373 	.db #0x7f	; 127
      000125 80                     374 	.db #0x80	; 128
      000126 FF                     375 	.db #0xff	; 255
      000127 00                     376 	.db #0x00	; 0
      000128 FE                     377 	.db #0xfe	; 254
      000129 01                     378 	.db #0x01	; 1
      00012A FF                     379 	.db #0xff	; 255
      00012B 01                     380 	.db #0x01	; 1
      00012C FD                     381 	.db #0xfd	; 253
      00012D 03                     382 	.db #0x03	; 3
      00012E FD                     383 	.db #0xfd	; 253
      00012F 03                     384 	.db #0x03	; 3
      000130 79                     385 	.db #0x79	; 121	'y'
      000131 87                     386 	.db #0x87	; 135
      000132 71                     387 	.db #0x71	; 113	'q'
      000133 8F                     388 	.db #0x8f	; 143
      000134 40                     389 	.db #0x40	; 64
      000135 C0                     390 	.db #0xc0	; 192
      000136 C0                     391 	.db #0xc0	; 192
      000137 40                     392 	.db #0x40	; 64
      000138 C0                     393 	.db #0xc0	; 192
      000139 40                     394 	.db #0x40	; 64
      00013A C0                     395 	.db #0xc0	; 192
      00013B 40                     396 	.db #0x40	; 64
      00013C E0                     397 	.db #0xe0	; 224
      00013D 20                     398 	.db #0x20	; 32
      00013E 60                     399 	.db #0x60	; 96
      00013F A0                     400 	.db #0xa0	; 160
      000140 60                     401 	.db #0x60	; 96
      000141 A0                     402 	.db #0xa0	; 160
      000142 A0                     403 	.db #0xa0	; 160
      000143 E0                     404 	.db #0xe0	; 224
      000144 F4                     405 	.db #0xf4	; 244
      000145 8C                     406 	.db #0x8c	; 140
      000146 F4                     407 	.db #0xf4	; 244
      000147 8C                     408 	.db #0x8c	; 140
      000148 B4                     409 	.db #0xb4	; 180
      000149 CC                     410 	.db #0xcc	; 204
      00014A B8                     411 	.db #0xb8	; 184
      00014B C8                     412 	.db #0xc8	; 200
      00014C B8                     413 	.db #0xb8	; 184
      00014D C8                     414 	.db #0xc8	; 200
      00014E 78                     415 	.db #0x78	; 120	'x'
      00014F 48                     416 	.db #0x48	; 72	'H'
      000150 78                     417 	.db #0x78	; 120	'x'
      000151 48                     418 	.db #0x48	; 72	'H'
      000152 78                     419 	.db #0x78	; 120	'x'
      000153 48                     420 	.db #0x48	; 72	'H'
      000154 DF                     421 	.db #0xdf	; 223
      000155 E0                     422 	.db #0xe0	; 224
      000156 7F                     423 	.db #0x7f	; 127
      000157 60                     424 	.db #0x60	; 96
      000158 7E                     425 	.db #0x7e	; 126
      000159 61                     426 	.db #0x61	; 97	'a'
      00015A 6E                     427 	.db #0x6e	; 110	'n'
      00015B 71                     428 	.db #0x71	; 113	'q'
      00015C 7E                     429 	.db #0x7e	; 126
      00015D 71                     430 	.db #0x71	; 113	'q'
      00015E 7C                     431 	.db #0x7c	; 124
      00015F 73                     432 	.db #0x73	; 115	's'
      000160 70                     433 	.db #0x70	; 112	'p'
      000161 7F                     434 	.db #0x7f	; 127
      000162 78                     435 	.db #0x78	; 120	'x'
      000163 7F                     436 	.db #0x7f	; 127
      000164 70                     437 	.db #0x70	; 112	'p'
      000165 FF                     438 	.db #0xff	; 255
      000166 4F                     439 	.db #0x4f	; 79	'O'
      000167 CF                     440 	.db #0xcf	; 207
      000168 41                     441 	.db #0x41	; 65	'A'
      000169 C1                     442 	.db #0xc1	; 193
      00016A 40                     443 	.db #0x40	; 64
      00016B C0                     444 	.db #0xc0	; 192
      00016C 40                     445 	.db #0x40	; 64
      00016D C0                     446 	.db #0xc0	; 192
      00016E 40                     447 	.db #0x40	; 64
      00016F C0                     448 	.db #0xc0	; 192
      000170 20                     449 	.db #0x20	; 32
      000171 E0                     450 	.db #0xe0	; 224
      000172 20                     451 	.db #0x20	; 32
      000173 E0                     452 	.db #0xe0	; 224
      000174 02                     453 	.db #0x02	; 2
      000175 FF                     454 	.db #0xff	; 255
      000176 FE                     455 	.db #0xfe	; 254
      000177 FF                     456 	.db #0xff	; 255
      000178 FE                     457 	.db #0xfe	; 254
      000179 FF                     458 	.db #0xff	; 255
      00017A 3F                     459 	.db #0x3f	; 63
      00017B 3F                     460 	.db #0x3f	; 63
      00017C 3F                     461 	.db #0x3f	; 63
      00017D 3F                     462 	.db #0x3f	; 63
      00017E 3F                     463 	.db #0x3f	; 63
      00017F 3F                     464 	.db #0x3f	; 63
      000180 3F                     465 	.db #0x3f	; 63
      000181 3F                     466 	.db #0x3f	; 63
      000182 1F                     467 	.db #0x1f	; 31
      000183 1F                     468 	.db #0x1f	; 31
      000184 01                     469 	.db #0x01	; 1
      000185 FF                     470 	.db #0xff	; 255
      000186 01                     471 	.db #0x01	; 1
      000187 FF                     472 	.db #0xff	; 255
      000188 01                     473 	.db #0x01	; 1
      000189 FF                     474 	.db #0xff	; 255
      00018A 01                     475 	.db #0x01	; 1
      00018B FF                     476 	.db #0xff	; 255
      00018C 01                     477 	.db #0x01	; 1
      00018D FF                     478 	.db #0xff	; 255
      00018E 82                     479 	.db #0x82	; 130
      00018F FE                     480 	.db #0xfe	; 254
      000190 82                     481 	.db #0x82	; 130
      000191 FE                     482 	.db #0xfe	; 254
      000192 C2                     483 	.db #0xc2	; 194
      000193 FE                     484 	.db #0xfe	; 254
      000194 50                     485 	.db #0x50	; 80	'P'
      000195 70                     486 	.db #0x70	; 112	'p'
      000196 50                     487 	.db #0x50	; 80	'P'
      000197 70                     488 	.db #0x70	; 112	'p'
      000198 50                     489 	.db #0x50	; 80	'P'
      000199 70                     490 	.db #0x70	; 112	'p'
      00019A 50                     491 	.db #0x50	; 80	'P'
      00019B 70                     492 	.db #0x70	; 112	'p'
      00019C 30                     493 	.db #0x30	; 48	'0'
      00019D 30                     494 	.db #0x30	; 48	'0'
      00019E 20                     495 	.db #0x20	; 32
      00019F 20                     496 	.db #0x20	; 32
      0001A0 00                     497 	.db #0x00	; 0
      0001A1 00                     498 	.db #0x00	; 0
      0001A2 00                     499 	.db #0x00	; 0
      0001A3 00                     500 	.db #0x00	; 0
      0001A4 74                     501 	.db #0x74	; 116	't'
      0001A5 4C                     502 	.db #0x4c	; 76	'L'
      0001A6 5C                     503 	.db #0x5c	; 92
      0001A7 64                     504 	.db #0x64	; 100	'd'
      0001A8 3C                     505 	.db #0x3c	; 60
      0001A9 24                     506 	.db #0x24	; 36
      0001AA 3E                     507 	.db #0x3e	; 62
      0001AB 22                     508 	.db #0x22	; 34
      0001AC 19                     509 	.db #0x19	; 25
      0001AD 17                     510 	.db #0x17	; 23
      0001AE 0B                     511 	.db #0x0b	; 11
      0001AF 0F                     512 	.db #0x0f	; 15
      0001B0 06                     513 	.db #0x06	; 6
      0001B1 06                     514 	.db #0x06	; 6
      0001B2 00                     515 	.db #0x00	; 0
      0001B3 00                     516 	.db #0x00	; 0
      0001B4 78                     517 	.db #0x78	; 120	'x'
      0001B5 7F                     518 	.db #0x7f	; 127
      0001B6 78                     519 	.db #0x78	; 120	'x'
      0001B7 7F                     520 	.db #0x7f	; 127
      0001B8 7C                     521 	.db #0x7c	; 124
      0001B9 7F                     522 	.db #0x7f	; 127
      0001BA 7C                     523 	.db #0x7c	; 124
      0001BB 7F                     524 	.db #0x7f	; 127
      0001BC 7C                     525 	.db #0x7c	; 124
      0001BD 7F                     526 	.db #0x7f	; 127
      0001BE FB                     527 	.db #0xfb	; 251
      0001BF FC                     528 	.db #0xfc	; 252
      0001C0 FB                     529 	.db #0xfb	; 251
      0001C1 FC                     530 	.db #0xfc	; 252
      0001C2 0F                     531 	.db #0x0f	; 15
      0001C3 0F                     532 	.db #0x0f	; 15
      0001C4 20                     533 	.db #0x20	; 32
      0001C5 E0                     534 	.db #0xe0	; 224
      0001C6 20                     535 	.db #0x20	; 32
      0001C7 E0                     536 	.db #0xe0	; 224
      0001C8 20                     537 	.db #0x20	; 32
      0001C9 E0                     538 	.db #0xe0	; 224
      0001CA 10                     539 	.db #0x10	; 16
      0001CB F0                     540 	.db #0xf0	; 240
      0001CC 10                     541 	.db #0x10	; 16
      0001CD F0                     542 	.db #0xf0	; 240
      0001CE 90                     543 	.db #0x90	; 144
      0001CF 70                     544 	.db #0x70	; 112	'p'
      0001D0 D0                     545 	.db #0xd0	; 208
      0001D1 30                     546 	.db #0x30	; 48	'0'
      0001D2 E0                     547 	.db #0xe0	; 224
      0001D3 E0                     548 	.db #0xe0	; 224
      0001D4 1F                     549 	.db #0x1f	; 31
      0001D5 1F                     550 	.db #0x1f	; 31
      0001D6 1F                     551 	.db #0x1f	; 31
      0001D7 1F                     552 	.db #0x1f	; 31
      0001D8 1F                     553 	.db #0x1f	; 31
      0001D9 1F                     554 	.db #0x1f	; 31
      0001DA 1F                     555 	.db #0x1f	; 31
      0001DB 1F                     556 	.db #0x1f	; 31
      0001DC 3F                     557 	.db #0x3f	; 63
      0001DD 3F                     558 	.db #0x3f	; 63
      0001DE 3F                     559 	.db #0x3f	; 63
      0001DF 3F                     560 	.db #0x3f	; 63
      0001E0 3F                     561 	.db #0x3f	; 63
      0001E1 3F                     562 	.db #0x3f	; 63
      0001E2 00                     563 	.db #0x00	; 0
      0001E3 00                     564 	.db #0x00	; 0
      0001E4 C2                     565 	.db #0xc2	; 194
      0001E5 FE                     566 	.db #0xfe	; 254
      0001E6 42                     567 	.db #0x42	; 66	'B'
      0001E7 7E                     568 	.db #0x7e	; 126
      0001E8 42                     569 	.db #0x42	; 66	'B'
      0001E9 7E                     570 	.db #0x7e	; 126
      0001EA 42                     571 	.db #0x42	; 66	'B'
      0001EB 7E                     572 	.db #0x7e	; 126
      0001EC 81                     573 	.db #0x81	; 129
      0001ED FF                     574 	.db #0xff	; 255
      0001EE B9                     575 	.db #0xb9	; 185
      0001EF C7                     576 	.db #0xc7	; 199
      0001F0 FD                     577 	.db #0xfd	; 253
      0001F1 83                     578 	.db #0x83	; 131
      0001F2 FE                     579 	.db #0xfe	; 254
      0001F3 FE                     580 	.db #0xfe	; 254
      0001F4 40                     581 	.db #0x40	; 64
      0001F5 C0                     582 	.db #0xc0	; 192
      0001F6 C0                     583 	.db #0xc0	; 192
      0001F7 40                     584 	.db #0x40	; 64
      0001F8 C0                     585 	.db #0xc0	; 192
      0001F9 40                     586 	.db #0x40	; 64
      0001FA E0                     587 	.db #0xe0	; 224
      0001FB 20                     588 	.db #0x20	; 32
      0001FC 60                     589 	.db #0x60	; 96
      0001FD A0                     590 	.db #0xa0	; 160
      0001FE B0                     591 	.db #0xb0	; 176
      0001FF D0                     592 	.db #0xd0	; 208
      000200 70                     593 	.db #0x70	; 112	'p'
      000201 50                     594 	.db #0x50	; 80	'P'
      000202 50                     595 	.db #0x50	; 80	'P'
      000203 70                     596 	.db #0x70	; 112	'p'
      000204 00                     597 	.db #0x00	; 0
      000205 00                     598 	.db #0x00	; 0
      000206 00                     599 	.db #0x00	; 0
      000207 00                     600 	.db #0x00	; 0
      000208 00                     601 	.db #0x00	; 0
      000209 00                     602 	.db #0x00	; 0
      00020A 01                     603 	.db #0x01	; 1
      00020B 01                     604 	.db #0x01	; 1
      00020C 01                     605 	.db #0x01	; 1
      00020D 01                     606 	.db #0x01	; 1
      00020E 01                     607 	.db #0x01	; 1
      00020F 01                     608 	.db #0x01	; 1
      000210 01                     609 	.db #0x01	; 1
      000211 01                     610 	.db #0x01	; 1
      000212 01                     611 	.db #0x01	; 1
      000213 01                     612 	.db #0x01	; 1
      000214 F4                     613 	.db #0xf4	; 244
      000215 8C                     614 	.db #0x8c	; 140
      000216 F4                     615 	.db #0xf4	; 244
      000217 8C                     616 	.db #0x8c	; 140
      000218 F4                     617 	.db #0xf4	; 244
      000219 8C                     618 	.db #0x8c	; 140
      00021A 78                     619 	.db #0x78	; 120	'x'
      00021B 88                     620 	.db #0x88	; 136
      00021C E8                     621 	.db #0xe8	; 232
      00021D 18                     622 	.db #0x18	; 24
      00021E F0                     623 	.db #0xf0	; 240
      00021F 10                     624 	.db #0x10	; 16
      000220 F0                     625 	.db #0xf0	; 240
      000221 10                     626 	.db #0x10	; 16
      000222 F0                     627 	.db #0xf0	; 240
      000223 10                     628 	.db #0x10	; 16
      000224 38                     629 	.db #0x38	; 56	'8'
      000225 28                     630 	.db #0x28	; 40
      000226 38                     631 	.db #0x38	; 56	'8'
      000227 28                     632 	.db #0x28	; 40
      000228 28                     633 	.db #0x28	; 40
      000229 38                     634 	.db #0x38	; 56	'8'
      00022A 18                     635 	.db #0x18	; 24
      00022B 18                     636 	.db #0x18	; 24
      00022C 18                     637 	.db #0x18	; 24
      00022D 18                     638 	.db #0x18	; 24
      00022E 08                     639 	.db #0x08	; 8
      00022F 08                     640 	.db #0x08	; 8
      000230 00                     641 	.db #0x00	; 0
      000231 00                     642 	.db #0x00	; 0
      000232 00                     643 	.db #0x00	; 0
      000233 00                     644 	.db #0x00	; 0
      000234 01                     645 	.db #0x01	; 1
      000235 01                     646 	.db #0x01	; 1
      000236 00                     647 	.db #0x00	; 0
      000237 00                     648 	.db #0x00	; 0
      000238 00                     649 	.db #0x00	; 0
      000239 00                     650 	.db #0x00	; 0
      00023A 00                     651 	.db #0x00	; 0
      00023B 00                     652 	.db #0x00	; 0
      00023C 00                     653 	.db #0x00	; 0
      00023D 00                     654 	.db #0x00	; 0
      00023E 00                     655 	.db #0x00	; 0
      00023F 00                     656 	.db #0x00	; 0
      000240 00                     657 	.db #0x00	; 0
      000241 00                     658 	.db #0x00	; 0
      000242 00                     659 	.db #0x00	; 0
      000243 00                     660 	.db #0x00	; 0
      000244 70                     661 	.db #0x70	; 112	'p'
      000245 90                     662 	.db #0x90	; 144
      000246 F0                     663 	.db #0xf0	; 240
      000247 90                     664 	.db #0x90	; 144
      000248 E8                     665 	.db #0xe8	; 232
      000249 98                     666 	.db #0x98	; 152
      00024A 78                     667 	.db #0x78	; 120	'x'
      00024B 48                     668 	.db #0x48	; 72	'H'
      00024C 64                     669 	.db #0x64	; 100	'd'
      00024D 5C                     670 	.db #0x5c	; 92
      00024E 2C                     671 	.db #0x2c	; 44
      00024F 3C                     672 	.db #0x3c	; 60
      000250 18                     673 	.db #0x18	; 24
      000251 18                     674 	.db #0x18	; 24
      000252 00                     675 	.db #0x00	; 0
      000253 00                     676 	.db #0x00	; 0
      000254 40                     677 	.db #0x40	; 64
      000255 C0                     678 	.db #0xc0	; 192
      000256 C0                     679 	.db #0xc0	; 192
      000257 40                     680 	.db #0x40	; 64
      000258 E0                     681 	.db #0xe0	; 224
      000259 20                     682 	.db #0x20	; 32
      00025A E0                     683 	.db #0xe0	; 224
      00025B 20                     684 	.db #0x20	; 32
      00025C F0                     685 	.db #0xf0	; 240
      00025D 90                     686 	.db #0x90	; 144
      00025E B0                     687 	.db #0xb0	; 176
      00025F D0                     688 	.db #0xd0	; 208
      000260 78                     689 	.db #0x78	; 120	'x'
      000261 48                     690 	.db #0x48	; 72	'H'
      000262 34                     691 	.db #0x34	; 52	'4'
      000263 2C                     692 	.db #0x2c	; 44
      000264 01                     693 	.db #0x01	; 1
      000265 01                     694 	.db #0x01	; 1
      000266 01                     695 	.db #0x01	; 1
      000267 01                     696 	.db #0x01	; 1
      000268 01                     697 	.db #0x01	; 1
      000269 01                     698 	.db #0x01	; 1
      00026A 02                     699 	.db #0x02	; 2
      00026B 03                     700 	.db #0x03	; 3
      00026C 03                     701 	.db #0x03	; 3
      00026D 02                     702 	.db #0x02	; 2
      00026E 03                     703 	.db #0x03	; 3
      00026F 02                     704 	.db #0x02	; 2
      000270 05                     705 	.db #0x05	; 5
      000271 06                     706 	.db #0x06	; 6
      000272 07                     707 	.db #0x07	; 7
      000273 04                     708 	.db #0x04	; 4
      000274 74                     709 	.db #0x74	; 116	't'
      000275 8C                     710 	.db #0x8c	; 140
      000276 F4                     711 	.db #0xf4	; 244
      000277 0C                     712 	.db #0x0c	; 12
      000278 E8                     713 	.db #0xe8	; 232
      000279 18                     714 	.db #0x18	; 24
      00027A F8                     715 	.db #0xf8	; 248
      00027B 18                     716 	.db #0x18	; 24
      00027C D0                     717 	.db #0xd0	; 208
      00027D 30                     718 	.db #0x30	; 48	'0'
      00027E E0                     719 	.db #0xe0	; 224
      00027F 20                     720 	.db #0x20	; 32
      000280 C0                     721 	.db #0xc0	; 192
      000281 40                     722 	.db #0x40	; 64
      000282 40                     723 	.db #0x40	; 64
      000283 C0                     724 	.db #0xc0	; 192
      000284 1C                     725 	.db #0x1c	; 28
      000285 14                     726 	.db #0x14	; 20
      000286 0E                     727 	.db #0x0e	; 14
      000287 0A                     728 	.db #0x0a	; 10
      000288 07                     729 	.db #0x07	; 7
      000289 05                     730 	.db #0x05	; 5
      00028A 03                     731 	.db #0x03	; 3
      00028B 03                     732 	.db #0x03	; 3
      00028C 00                     733 	.db #0x00	; 0
      00028D 00                     734 	.db #0x00	; 0
      00028E 00                     735 	.db #0x00	; 0
      00028F 00                     736 	.db #0x00	; 0
      000290 00                     737 	.db #0x00	; 0
      000291 00                     738 	.db #0x00	; 0
      000292 00                     739 	.db #0x00	; 0
      000293 00                     740 	.db #0x00	; 0
      000294 07                     741 	.db #0x07	; 7
      000295 04                     742 	.db #0x04	; 4
      000296 07                     743 	.db #0x07	; 7
      000297 04                     744 	.db #0x04	; 4
      000298 07                     745 	.db #0x07	; 7
      000299 04                     746 	.db #0x04	; 4
      00029A 05                     747 	.db #0x05	; 5
      00029B 06                     748 	.db #0x06	; 6
      00029C 03                     749 	.db #0x03	; 3
      00029D 02                     750 	.db #0x02	; 2
      00029E 02                     751 	.db #0x02	; 2
      00029F 03                     752 	.db #0x03	; 3
      0002A0 01                     753 	.db #0x01	; 1
      0002A1 01                     754 	.db #0x01	; 1
      0002A2 00                     755 	.db #0x00	; 0
      0002A3 00                     756 	.db #0x00	; 0
      0002A4 80                     757 	.db #0x80	; 128
      0002A5 80                     758 	.db #0x80	; 128
      0002A6 80                     759 	.db #0x80	; 128
      0002A7 80                     760 	.db #0x80	; 128
      0002A8 80                     761 	.db #0x80	; 128
      0002A9 80                     762 	.db #0x80	; 128
      0002AA 40                     763 	.db #0x40	; 64
      0002AB C0                     764 	.db #0xc0	; 192
      0002AC 40                     765 	.db #0x40	; 64
      0002AD C0                     766 	.db #0xc0	; 192
      0002AE 40                     767 	.db #0x40	; 64
      0002AF C0                     768 	.db #0xc0	; 192
      0002B0 C0                     769 	.db #0xc0	; 192
      0002B1 C0                     770 	.db #0xc0	; 192
      0002B2 00                     771 	.db #0x00	; 0
      0002B3 00                     772 	.db #0x00	; 0
      0002B4 01                     773 	.db #0x01	; 1
      0002B5 01                     774 	.db #0x01	; 1
      0002B6 01                     775 	.db #0x01	; 1
      0002B7 01                     776 	.db #0x01	; 1
      0002B8 01                     777 	.db #0x01	; 1
      0002B9 01                     778 	.db #0x01	; 1
      0002BA 02                     779 	.db #0x02	; 2
      0002BB 03                     780 	.db #0x03	; 3
      0002BC 03                     781 	.db #0x03	; 3
      0002BD 02                     782 	.db #0x02	; 2
      0002BE 07                     783 	.db #0x07	; 7
      0002BF 04                     784 	.db #0x04	; 4
      0002C0 07                     785 	.db #0x07	; 7
      0002C1 04                     786 	.db #0x04	; 4
      0002C2 0F                     787 	.db #0x0f	; 15
      0002C3 08                     788 	.db #0x08	; 8
      0002C4 74                     789 	.db #0x74	; 116	't'
      0002C5 8C                     790 	.db #0x8c	; 140
      0002C6 F4                     791 	.db #0xf4	; 244
      0002C7 0C                     792 	.db #0x0c	; 12
      0002C8 E8                     793 	.db #0xe8	; 232
      0002C9 18                     794 	.db #0x18	; 24
      0002CA F8                     795 	.db #0xf8	; 248
      0002CB 18                     796 	.db #0x18	; 24
      0002CC D0                     797 	.db #0xd0	; 208
      0002CD 30                     798 	.db #0x30	; 48	'0'
      0002CE E0                     799 	.db #0xe0	; 224
      0002CF 20                     800 	.db #0x20	; 32
      0002D0 C0                     801 	.db #0xc0	; 192
      0002D1 40                     802 	.db #0x40	; 64
      0002D2 80                     803 	.db #0x80	; 128
      0002D3 80                     804 	.db #0x80	; 128
      0002D4 0F                     805 	.db #0x0f	; 15
      0002D5 09                     806 	.db #0x09	; 9
      0002D6 15                     807 	.db #0x15	; 21
      0002D7 1B                     808 	.db #0x1b	; 27
      0002D8 1E                     809 	.db #0x1e	; 30
      0002D9 12                     810 	.db #0x12	; 18
      0002DA 1E                     811 	.db #0x1e	; 30
      0002DB 12                     812 	.db #0x12	; 18
      0002DC 1A                     813 	.db #0x1a	; 26
      0002DD 16                     814 	.db #0x16	; 22
      0002DE 12                     815 	.db #0x12	; 18
      0002DF 1E                     816 	.db #0x1e	; 30
      0002E0 1E                     817 	.db #0x1e	; 30
      0002E1 1E                     818 	.db #0x1e	; 30
      0002E2 00                     819 	.db #0x00	; 0
      0002E3 00                     820 	.db #0x00	; 0
      0002E4 01                     821 	.db #0x01	; 1
      0002E5 01                     822 	.db #0x01	; 1
      0002E6 01                     823 	.db #0x01	; 1
      0002E7 01                     824 	.db #0x01	; 1
      0002E8 01                     825 	.db #0x01	; 1
      0002E9 01                     826 	.db #0x01	; 1
      0002EA 02                     827 	.db #0x02	; 2
      0002EB 03                     828 	.db #0x03	; 3
      0002EC 03                     829 	.db #0x03	; 3
      0002ED 02                     830 	.db #0x02	; 2
      0002EE 07                     831 	.db #0x07	; 7
      0002EF 04                     832 	.db #0x04	; 4
      0002F0 0B                     833 	.db #0x0b	; 11
      0002F1 0C                     834 	.db #0x0c	; 12
      0002F2 0F                     835 	.db #0x0f	; 15
      0002F3 08                     836 	.db #0x08	; 8
      0002F4 1F                     837 	.db #0x1f	; 31
      0002F5 11                     838 	.db #0x11	; 17
      0002F6 1E                     839 	.db #0x1e	; 30
      0002F7 12                     840 	.db #0x12	; 18
      0002F8 2A                     841 	.db #0x2a	; 42
      0002F9 36                     842 	.db #0x36	; 54	'6'
      0002FA 3C                     843 	.db #0x3c	; 60
      0002FB 24                     844 	.db #0x24	; 36
      0002FC 24                     845 	.db #0x24	; 36
      0002FD 3C                     846 	.db #0x3c	; 60
      0002FE 28                     847 	.db #0x28	; 40
      0002FF 38                     848 	.db #0x38	; 56	'8'
      000300 38                     849 	.db #0x38	; 56	'8'
      000301 38                     850 	.db #0x38	; 56	'8'
      000302 00                     851 	.db #0x00	; 0
      000303 00                     852 	.db #0x00	; 0
      000304                        853 _sprite_old_metasprite0:
      000304 F0                     854 	.db #0xf0	; -16
      000305 E8                     855 	.db #0xe8	; -24
      000306 00                     856 	.db #0x00	; 0
      000307 00                     857 	.db #0x00	; 0
      000308 00                     858 	.db #0x00	;  0
      000309 08                     859 	.db #0x08	;  8
      00030A 01                     860 	.db #0x01	; 1
      00030B 00                     861 	.db #0x00	; 0
      00030C 00                     862 	.db #0x00	;  0
      00030D 08                     863 	.db #0x08	;  8
      00030E 02                     864 	.db #0x02	; 2
      00030F 00                     865 	.db #0x00	; 0
      000310 00                     866 	.db #0x00	;  0
      000311 08                     867 	.db #0x08	;  8
      000312 03                     868 	.db #0x03	; 3
      000313 00                     869 	.db #0x00	; 0
      000314 00                     870 	.db #0x00	;  0
      000315 08                     871 	.db #0x08	;  8
      000316 04                     872 	.db #0x04	; 4
      000317 00                     873 	.db #0x00	; 0
      000318 00                     874 	.db #0x00	;  0
      000319 08                     875 	.db #0x08	;  8
      00031A 05                     876 	.db #0x05	; 5
      00031B 00                     877 	.db #0x00	; 0
      00031C 08                     878 	.db #0x08	;  8
      00031D D8                     879 	.db #0xd8	; -40
      00031E 06                     880 	.db #0x06	; 6
      00031F 00                     881 	.db #0x00	; 0
      000320 00                     882 	.db #0x00	;  0
      000321 08                     883 	.db #0x08	;  8
      000322 07                     884 	.db #0x07	; 7
      000323 00                     885 	.db #0x00	; 0
      000324 00                     886 	.db #0x00	;  0
      000325 08                     887 	.db #0x08	;  8
      000326 08                     888 	.db #0x08	; 8
      000327 00                     889 	.db #0x00	; 0
      000328 00                     890 	.db #0x00	;  0
      000329 08                     891 	.db #0x08	;  8
      00032A 09                     892 	.db #0x09	; 9
      00032B 00                     893 	.db #0x00	; 0
      00032C 00                     894 	.db #0x00	;  0
      00032D 08                     895 	.db #0x08	;  8
      00032E 0A                     896 	.db #0x0a	; 10
      00032F 00                     897 	.db #0x00	; 0
      000330 00                     898 	.db #0x00	;  0
      000331 08                     899 	.db #0x08	;  8
      000332 0B                     900 	.db #0x0b	; 11
      000333 00                     901 	.db #0x00	; 0
      000334 00                     902 	.db #0x00	;  0
      000335 08                     903 	.db #0x08	;  8
      000336 0C                     904 	.db #0x0c	; 12
      000337 00                     905 	.db #0x00	; 0
      000338 08                     906 	.db #0x08	;  8
      000339 D0                     907 	.db #0xd0	; -48
      00033A 0D                     908 	.db #0x0d	; 13
      00033B 00                     909 	.db #0x00	; 0
      00033C 00                     910 	.db #0x00	;  0
      00033D 08                     911 	.db #0x08	;  8
      00033E 0E                     912 	.db #0x0e	; 14
      00033F 00                     913 	.db #0x00	; 0
      000340 00                     914 	.db #0x00	;  0
      000341 08                     915 	.db #0x08	;  8
      000342 0F                     916 	.db #0x0f	; 15
      000343 00                     917 	.db #0x00	; 0
      000344 00                     918 	.db #0x00	;  0
      000345 08                     919 	.db #0x08	;  8
      000346 10                     920 	.db #0x10	; 16
      000347 00                     921 	.db #0x00	; 0
      000348 00                     922 	.db #0x00	;  0
      000349 08                     923 	.db #0x08	;  8
      00034A 11                     924 	.db #0x11	; 17
      00034B 00                     925 	.db #0x00	; 0
      00034C 00                     926 	.db #0x00	;  0
      00034D 08                     927 	.db #0x08	;  8
      00034E 12                     928 	.db #0x12	; 18
      00034F 00                     929 	.db #0x00	; 0
      000350 00                     930 	.db #0x00	;  0
      000351 08                     931 	.db #0x08	;  8
      000352 13                     932 	.db #0x13	; 19
      000353 00                     933 	.db #0x00	; 0
      000354 08                     934 	.db #0x08	;  8
      000355 D0                     935 	.db #0xd0	; -48
      000356 14                     936 	.db #0x14	; 20
      000357 00                     937 	.db #0x00	; 0
      000358 00                     938 	.db #0x00	;  0
      000359 10                     939 	.db #0x10	;  16
      00035A 15                     940 	.db #0x15	; 21
      00035B 00                     941 	.db #0x00	; 0
      00035C 00                     942 	.db #0x00	;  0
      00035D 08                     943 	.db #0x08	;  8
      00035E 16                     944 	.db #0x16	; 22
      00035F 00                     945 	.db #0x00	; 0
      000360 00                     946 	.db #0x00	;  0
      000361 08                     947 	.db #0x08	;  8
      000362 17                     948 	.db #0x17	; 23
      000363 00                     949 	.db #0x00	; 0
      000364 00                     950 	.db #0x00	;  0
      000365 08                     951 	.db #0x08	;  8
      000366 18                     952 	.db #0x18	; 24
      000367 00                     953 	.db #0x00	; 0
      000368 00                     954 	.db #0x00	;  0
      000369 08                     955 	.db #0x08	;  8
      00036A 19                     956 	.db #0x19	; 25
      00036B 00                     957 	.db #0x00	; 0
      00036C 08                     958 	.db #0x08	;  8
      00036D D0                     959 	.db #0xd0	; -48
      00036E 1A                     960 	.db #0x1a	; 26
      00036F 00                     961 	.db #0x00	; 0
      000370 00                     962 	.db #0x00	;  0
      000371 10                     963 	.db #0x10	;  16
      000372 1B                     964 	.db #0x1b	; 27
      000373 00                     965 	.db #0x00	; 0
      000374 00                     966 	.db #0x00	;  0
      000375 08                     967 	.db #0x08	;  8
      000376 1C                     968 	.db #0x1c	; 28
      000377 00                     969 	.db #0x00	; 0
      000378 00                     970 	.db #0x00	;  0
      000379 08                     971 	.db #0x08	;  8
      00037A 1D                     972 	.db #0x1d	; 29
      00037B 00                     973 	.db #0x00	; 0
      00037C 00                     974 	.db #0x00	;  0
      00037D 08                     975 	.db #0x08	;  8
      00037E 1E                     976 	.db #0x1e	; 30
      00037F 00                     977 	.db #0x00	; 0
      000380 80                     978 	.db #0x80	; -128
      000381 00                     979 	.db #0x00	;  0
      000382 00                     980 	.db #0x00	; 0
      000383 00                     981 	.db #0x00	; 0
      000384                        982 _sprite_old_metasprite1:
      000384 F0                     983 	.db #0xf0	; -16
      000385 E8                     984 	.db #0xe8	; -24
      000386 00                     985 	.db #0x00	; 0
      000387 00                     986 	.db #0x00	; 0
      000388 00                     987 	.db #0x00	;  0
      000389 08                     988 	.db #0x08	;  8
      00038A 01                     989 	.db #0x01	; 1
      00038B 00                     990 	.db #0x00	; 0
      00038C 00                     991 	.db #0x00	;  0
      00038D 08                     992 	.db #0x08	;  8
      00038E 02                     993 	.db #0x02	; 2
      00038F 00                     994 	.db #0x00	; 0
      000390 00                     995 	.db #0x00	;  0
      000391 08                     996 	.db #0x08	;  8
      000392 03                     997 	.db #0x03	; 3
      000393 00                     998 	.db #0x00	; 0
      000394 00                     999 	.db #0x00	;  0
      000395 08                    1000 	.db #0x08	;  8
      000396 04                    1001 	.db #0x04	; 4
      000397 00                    1002 	.db #0x00	; 0
      000398 00                    1003 	.db #0x00	;  0
      000399 08                    1004 	.db #0x08	;  8
      00039A 05                    1005 	.db #0x05	; 5
      00039B 00                    1006 	.db #0x00	; 0
      00039C 08                    1007 	.db #0x08	;  8
      00039D D8                    1008 	.db #0xd8	; -40
      00039E 06                    1009 	.db #0x06	; 6
      00039F 00                    1010 	.db #0x00	; 0
      0003A0 00                    1011 	.db #0x00	;  0
      0003A1 08                    1012 	.db #0x08	;  8
      0003A2 07                    1013 	.db #0x07	; 7
      0003A3 00                    1014 	.db #0x00	; 0
      0003A4 00                    1015 	.db #0x00	;  0
      0003A5 08                    1016 	.db #0x08	;  8
      0003A6 08                    1017 	.db #0x08	; 8
      0003A7 00                    1018 	.db #0x00	; 0
      0003A8 00                    1019 	.db #0x00	;  0
      0003A9 08                    1020 	.db #0x08	;  8
      0003AA 09                    1021 	.db #0x09	; 9
      0003AB 00                    1022 	.db #0x00	; 0
      0003AC 00                    1023 	.db #0x00	;  0
      0003AD 08                    1024 	.db #0x08	;  8
      0003AE 0A                    1025 	.db #0x0a	; 10
      0003AF 00                    1026 	.db #0x00	; 0
      0003B0 00                    1027 	.db #0x00	;  0
      0003B1 08                    1028 	.db #0x08	;  8
      0003B2 0B                    1029 	.db #0x0b	; 11
      0003B3 00                    1030 	.db #0x00	; 0
      0003B4 00                    1031 	.db #0x00	;  0
      0003B5 08                    1032 	.db #0x08	;  8
      0003B6 0C                    1033 	.db #0x0c	; 12
      0003B7 00                    1034 	.db #0x00	; 0
      0003B8 08                    1035 	.db #0x08	;  8
      0003B9 D0                    1036 	.db #0xd0	; -48
      0003BA 0D                    1037 	.db #0x0d	; 13
      0003BB 00                    1038 	.db #0x00	; 0
      0003BC 00                    1039 	.db #0x00	;  0
      0003BD 08                    1040 	.db #0x08	;  8
      0003BE 0E                    1041 	.db #0x0e	; 14
      0003BF 00                    1042 	.db #0x00	; 0
      0003C0 00                    1043 	.db #0x00	;  0
      0003C1 08                    1044 	.db #0x08	;  8
      0003C2 0F                    1045 	.db #0x0f	; 15
      0003C3 00                    1046 	.db #0x00	; 0
      0003C4 00                    1047 	.db #0x00	;  0
      0003C5 08                    1048 	.db #0x08	;  8
      0003C6 10                    1049 	.db #0x10	; 16
      0003C7 00                    1050 	.db #0x00	; 0
      0003C8 00                    1051 	.db #0x00	;  0
      0003C9 08                    1052 	.db #0x08	;  8
      0003CA 11                    1053 	.db #0x11	; 17
      0003CB 00                    1054 	.db #0x00	; 0
      0003CC 00                    1055 	.db #0x00	;  0
      0003CD 08                    1056 	.db #0x08	;  8
      0003CE 12                    1057 	.db #0x12	; 18
      0003CF 00                    1058 	.db #0x00	; 0
      0003D0 00                    1059 	.db #0x00	;  0
      0003D1 08                    1060 	.db #0x08	;  8
      0003D2 1F                    1061 	.db #0x1f	; 31
      0003D3 00                    1062 	.db #0x00	; 0
      0003D4 08                    1063 	.db #0x08	;  8
      0003D5 C8                    1064 	.db #0xc8	; -56
      0003D6 20                    1065 	.db #0x20	; 32
      0003D7 00                    1066 	.db #0x00	; 0
      0003D8 00                    1067 	.db #0x00	;  0
      0003D9 08                    1068 	.db #0x08	;  8
      0003DA 21                    1069 	.db #0x21	; 33
      0003DB 00                    1070 	.db #0x00	; 0
      0003DC 00                    1071 	.db #0x00	;  0
      0003DD 10                    1072 	.db #0x10	;  16
      0003DE 15                    1073 	.db #0x15	; 21
      0003DF 00                    1074 	.db #0x00	; 0
      0003E0 00                    1075 	.db #0x00	;  0
      0003E1 08                    1076 	.db #0x08	;  8
      0003E2 16                    1077 	.db #0x16	; 22
      0003E3 00                    1078 	.db #0x00	; 0
      0003E4 00                    1079 	.db #0x00	;  0
      0003E5 08                    1080 	.db #0x08	;  8
      0003E6 17                    1081 	.db #0x17	; 23
      0003E7 00                    1082 	.db #0x00	; 0
      0003E8 00                    1083 	.db #0x00	;  0
      0003E9 08                    1084 	.db #0x08	;  8
      0003EA 18                    1085 	.db #0x18	; 24
      0003EB 00                    1086 	.db #0x00	; 0
      0003EC 00                    1087 	.db #0x00	;  0
      0003ED 08                    1088 	.db #0x08	;  8
      0003EE 22                    1089 	.db #0x22	; 34
      0003EF 00                    1090 	.db #0x00	; 0
      0003F0 08                    1091 	.db #0x08	;  8
      0003F1 C8                    1092 	.db #0xc8	; -56
      0003F2 23                    1093 	.db #0x23	; 35
      0003F3 00                    1094 	.db #0x00	; 0
      0003F4 00                    1095 	.db #0x00	;  0
      0003F5 08                    1096 	.db #0x08	;  8
      0003F6 24                    1097 	.db #0x24	; 36
      0003F7 00                    1098 	.db #0x00	; 0
      0003F8 00                    1099 	.db #0x00	;  0
      0003F9 10                    1100 	.db #0x10	;  16
      0003FA 1B                    1101 	.db #0x1b	; 27
      0003FB 00                    1102 	.db #0x00	; 0
      0003FC 00                    1103 	.db #0x00	;  0
      0003FD 08                    1104 	.db #0x08	;  8
      0003FE 1C                    1105 	.db #0x1c	; 28
      0003FF 00                    1106 	.db #0x00	; 0
      000400 00                    1107 	.db #0x00	;  0
      000401 08                    1108 	.db #0x08	;  8
      000402 1D                    1109 	.db #0x1d	; 29
      000403 00                    1110 	.db #0x00	; 0
      000404 00                    1111 	.db #0x00	;  0
      000405 08                    1112 	.db #0x08	;  8
      000406 1E                    1113 	.db #0x1e	; 30
      000407 00                    1114 	.db #0x00	; 0
      000408 80                    1115 	.db #0x80	; -128
      000409 00                    1116 	.db #0x00	;  0
      00040A 00                    1117 	.db #0x00	; 0
      00040B 00                    1118 	.db #0x00	; 0
      00040C                       1119 _sprite_old_metasprite2:
      00040C F0                    1120 	.db #0xf0	; -16
      00040D E8                    1121 	.db #0xe8	; -24
      00040E 00                    1122 	.db #0x00	; 0
      00040F 00                    1123 	.db #0x00	; 0
      000410 00                    1124 	.db #0x00	;  0
      000411 08                    1125 	.db #0x08	;  8
      000412 01                    1126 	.db #0x01	; 1
      000413 00                    1127 	.db #0x00	; 0
      000414 00                    1128 	.db #0x00	;  0
      000415 08                    1129 	.db #0x08	;  8
      000416 02                    1130 	.db #0x02	; 2
      000417 00                    1131 	.db #0x00	; 0
      000418 00                    1132 	.db #0x00	;  0
      000419 08                    1133 	.db #0x08	;  8
      00041A 03                    1134 	.db #0x03	; 3
      00041B 00                    1135 	.db #0x00	; 0
      00041C 00                    1136 	.db #0x00	;  0
      00041D 08                    1137 	.db #0x08	;  8
      00041E 04                    1138 	.db #0x04	; 4
      00041F 00                    1139 	.db #0x00	; 0
      000420 00                    1140 	.db #0x00	;  0
      000421 08                    1141 	.db #0x08	;  8
      000422 05                    1142 	.db #0x05	; 5
      000423 00                    1143 	.db #0x00	; 0
      000424 08                    1144 	.db #0x08	;  8
      000425 D8                    1145 	.db #0xd8	; -40
      000426 06                    1146 	.db #0x06	; 6
      000427 00                    1147 	.db #0x00	; 0
      000428 00                    1148 	.db #0x00	;  0
      000429 08                    1149 	.db #0x08	;  8
      00042A 07                    1150 	.db #0x07	; 7
      00042B 00                    1151 	.db #0x00	; 0
      00042C 00                    1152 	.db #0x00	;  0
      00042D 08                    1153 	.db #0x08	;  8
      00042E 08                    1154 	.db #0x08	; 8
      00042F 00                    1155 	.db #0x00	; 0
      000430 00                    1156 	.db #0x00	;  0
      000431 08                    1157 	.db #0x08	;  8
      000432 09                    1158 	.db #0x09	; 9
      000433 00                    1159 	.db #0x00	; 0
      000434 00                    1160 	.db #0x00	;  0
      000435 08                    1161 	.db #0x08	;  8
      000436 0A                    1162 	.db #0x0a	; 10
      000437 00                    1163 	.db #0x00	; 0
      000438 00                    1164 	.db #0x00	;  0
      000439 08                    1165 	.db #0x08	;  8
      00043A 0B                    1166 	.db #0x0b	; 11
      00043B 00                    1167 	.db #0x00	; 0
      00043C 00                    1168 	.db #0x00	;  0
      00043D 08                    1169 	.db #0x08	;  8
      00043E 0C                    1170 	.db #0x0c	; 12
      00043F 00                    1171 	.db #0x00	; 0
      000440 08                    1172 	.db #0x08	;  8
      000441 D0                    1173 	.db #0xd0	; -48
      000442 0D                    1174 	.db #0x0d	; 13
      000443 00                    1175 	.db #0x00	; 0
      000444 00                    1176 	.db #0x00	;  0
      000445 08                    1177 	.db #0x08	;  8
      000446 0E                    1178 	.db #0x0e	; 14
      000447 00                    1179 	.db #0x00	; 0
      000448 00                    1180 	.db #0x00	;  0
      000449 08                    1181 	.db #0x08	;  8
      00044A 0F                    1182 	.db #0x0f	; 15
      00044B 00                    1183 	.db #0x00	; 0
      00044C 00                    1184 	.db #0x00	;  0
      00044D 08                    1185 	.db #0x08	;  8
      00044E 10                    1186 	.db #0x10	; 16
      00044F 00                    1187 	.db #0x00	; 0
      000450 00                    1188 	.db #0x00	;  0
      000451 08                    1189 	.db #0x08	;  8
      000452 11                    1190 	.db #0x11	; 17
      000453 00                    1191 	.db #0x00	; 0
      000454 00                    1192 	.db #0x00	;  0
      000455 08                    1193 	.db #0x08	;  8
      000456 12                    1194 	.db #0x12	; 18
      000457 00                    1195 	.db #0x00	; 0
      000458 00                    1196 	.db #0x00	;  0
      000459 08                    1197 	.db #0x08	;  8
      00045A 25                    1198 	.db #0x25	; 37
      00045B 00                    1199 	.db #0x00	; 0
      00045C 08                    1200 	.db #0x08	;  8
      00045D C8                    1201 	.db #0xc8	; -56
      00045E 26                    1202 	.db #0x26	; 38
      00045F 00                    1203 	.db #0x00	; 0
      000460 00                    1204 	.db #0x00	;  0
      000461 08                    1205 	.db #0x08	;  8
      000462 27                    1206 	.db #0x27	; 39
      000463 00                    1207 	.db #0x00	; 0
      000464 00                    1208 	.db #0x00	;  0
      000465 10                    1209 	.db #0x10	;  16
      000466 15                    1210 	.db #0x15	; 21
      000467 00                    1211 	.db #0x00	; 0
      000468 00                    1212 	.db #0x00	;  0
      000469 08                    1213 	.db #0x08	;  8
      00046A 16                    1214 	.db #0x16	; 22
      00046B 00                    1215 	.db #0x00	; 0
      00046C 00                    1216 	.db #0x00	;  0
      00046D 08                    1217 	.db #0x08	;  8
      00046E 17                    1218 	.db #0x17	; 23
      00046F 00                    1219 	.db #0x00	; 0
      000470 00                    1220 	.db #0x00	;  0
      000471 08                    1221 	.db #0x08	;  8
      000472 18                    1222 	.db #0x18	; 24
      000473 00                    1223 	.db #0x00	; 0
      000474 00                    1224 	.db #0x00	;  0
      000475 08                    1225 	.db #0x08	;  8
      000476 28                    1226 	.db #0x28	; 40
      000477 00                    1227 	.db #0x00	; 0
      000478 08                    1228 	.db #0x08	;  8
      000479 C8                    1229 	.db #0xc8	; -56
      00047A 29                    1230 	.db #0x29	; 41
      00047B 00                    1231 	.db #0x00	; 0
      00047C 00                    1232 	.db #0x00	;  0
      00047D 08                    1233 	.db #0x08	;  8
      00047E 2A                    1234 	.db #0x2a	; 42
      00047F 00                    1235 	.db #0x00	; 0
      000480 00                    1236 	.db #0x00	;  0
      000481 10                    1237 	.db #0x10	;  16
      000482 1B                    1238 	.db #0x1b	; 27
      000483 00                    1239 	.db #0x00	; 0
      000484 00                    1240 	.db #0x00	;  0
      000485 08                    1241 	.db #0x08	;  8
      000486 1C                    1242 	.db #0x1c	; 28
      000487 00                    1243 	.db #0x00	; 0
      000488 00                    1244 	.db #0x00	;  0
      000489 08                    1245 	.db #0x08	;  8
      00048A 1D                    1246 	.db #0x1d	; 29
      00048B 00                    1247 	.db #0x00	; 0
      00048C 00                    1248 	.db #0x00	;  0
      00048D 08                    1249 	.db #0x08	;  8
      00048E 1E                    1250 	.db #0x1e	; 30
      00048F 00                    1251 	.db #0x00	; 0
      000490 80                    1252 	.db #0x80	; -128
      000491 00                    1253 	.db #0x00	;  0
      000492 00                    1254 	.db #0x00	; 0
      000493 00                    1255 	.db #0x00	; 0
      000494                       1256 _sprite_old_metasprite3:
      000494 F0                    1257 	.db #0xf0	; -16
      000495 E8                    1258 	.db #0xe8	; -24
      000496 00                    1259 	.db #0x00	; 0
      000497 00                    1260 	.db #0x00	; 0
      000498 00                    1261 	.db #0x00	;  0
      000499 08                    1262 	.db #0x08	;  8
      00049A 01                    1263 	.db #0x01	; 1
      00049B 00                    1264 	.db #0x00	; 0
      00049C 00                    1265 	.db #0x00	;  0
      00049D 08                    1266 	.db #0x08	;  8
      00049E 02                    1267 	.db #0x02	; 2
      00049F 00                    1268 	.db #0x00	; 0
      0004A0 00                    1269 	.db #0x00	;  0
      0004A1 08                    1270 	.db #0x08	;  8
      0004A2 03                    1271 	.db #0x03	; 3
      0004A3 00                    1272 	.db #0x00	; 0
      0004A4 00                    1273 	.db #0x00	;  0
      0004A5 08                    1274 	.db #0x08	;  8
      0004A6 04                    1275 	.db #0x04	; 4
      0004A7 00                    1276 	.db #0x00	; 0
      0004A8 00                    1277 	.db #0x00	;  0
      0004A9 08                    1278 	.db #0x08	;  8
      0004AA 05                    1279 	.db #0x05	; 5
      0004AB 00                    1280 	.db #0x00	; 0
      0004AC 08                    1281 	.db #0x08	;  8
      0004AD D8                    1282 	.db #0xd8	; -40
      0004AE 06                    1283 	.db #0x06	; 6
      0004AF 00                    1284 	.db #0x00	; 0
      0004B0 00                    1285 	.db #0x00	;  0
      0004B1 08                    1286 	.db #0x08	;  8
      0004B2 07                    1287 	.db #0x07	; 7
      0004B3 00                    1288 	.db #0x00	; 0
      0004B4 00                    1289 	.db #0x00	;  0
      0004B5 08                    1290 	.db #0x08	;  8
      0004B6 08                    1291 	.db #0x08	; 8
      0004B7 00                    1292 	.db #0x00	; 0
      0004B8 00                    1293 	.db #0x00	;  0
      0004B9 08                    1294 	.db #0x08	;  8
      0004BA 09                    1295 	.db #0x09	; 9
      0004BB 00                    1296 	.db #0x00	; 0
      0004BC 00                    1297 	.db #0x00	;  0
      0004BD 08                    1298 	.db #0x08	;  8
      0004BE 0A                    1299 	.db #0x0a	; 10
      0004BF 00                    1300 	.db #0x00	; 0
      0004C0 00                    1301 	.db #0x00	;  0
      0004C1 08                    1302 	.db #0x08	;  8
      0004C2 0B                    1303 	.db #0x0b	; 11
      0004C3 00                    1304 	.db #0x00	; 0
      0004C4 00                    1305 	.db #0x00	;  0
      0004C5 08                    1306 	.db #0x08	;  8
      0004C6 0C                    1307 	.db #0x0c	; 12
      0004C7 00                    1308 	.db #0x00	; 0
      0004C8 08                    1309 	.db #0x08	;  8
      0004C9 D0                    1310 	.db #0xd0	; -48
      0004CA 0D                    1311 	.db #0x0d	; 13
      0004CB 00                    1312 	.db #0x00	; 0
      0004CC 00                    1313 	.db #0x00	;  0
      0004CD 08                    1314 	.db #0x08	;  8
      0004CE 0E                    1315 	.db #0x0e	; 14
      0004CF 00                    1316 	.db #0x00	; 0
      0004D0 00                    1317 	.db #0x00	;  0
      0004D1 08                    1318 	.db #0x08	;  8
      0004D2 0F                    1319 	.db #0x0f	; 15
      0004D3 00                    1320 	.db #0x00	; 0
      0004D4 00                    1321 	.db #0x00	;  0
      0004D5 08                    1322 	.db #0x08	;  8
      0004D6 10                    1323 	.db #0x10	; 16
      0004D7 00                    1324 	.db #0x00	; 0
      0004D8 00                    1325 	.db #0x00	;  0
      0004D9 08                    1326 	.db #0x08	;  8
      0004DA 11                    1327 	.db #0x11	; 17
      0004DB 00                    1328 	.db #0x00	; 0
      0004DC 00                    1329 	.db #0x00	;  0
      0004DD 08                    1330 	.db #0x08	;  8
      0004DE 12                    1331 	.db #0x12	; 18
      0004DF 00                    1332 	.db #0x00	; 0
      0004E0 00                    1333 	.db #0x00	;  0
      0004E1 08                    1334 	.db #0x08	;  8
      0004E2 1F                    1335 	.db #0x1f	; 31
      0004E3 00                    1336 	.db #0x00	; 0
      0004E4 08                    1337 	.db #0x08	;  8
      0004E5 C8                    1338 	.db #0xc8	; -56
      0004E6 2B                    1339 	.db #0x2b	; 43
      0004E7 00                    1340 	.db #0x00	; 0
      0004E8 00                    1341 	.db #0x00	;  0
      0004E9 08                    1342 	.db #0x08	;  8
      0004EA 2C                    1343 	.db #0x2c	; 44
      0004EB 00                    1344 	.db #0x00	; 0
      0004EC 00                    1345 	.db #0x00	;  0
      0004ED 10                    1346 	.db #0x10	;  16
      0004EE 15                    1347 	.db #0x15	; 21
      0004EF 00                    1348 	.db #0x00	; 0
      0004F0 00                    1349 	.db #0x00	;  0
      0004F1 08                    1350 	.db #0x08	;  8
      0004F2 16                    1351 	.db #0x16	; 22
      0004F3 00                    1352 	.db #0x00	; 0
      0004F4 00                    1353 	.db #0x00	;  0
      0004F5 08                    1354 	.db #0x08	;  8
      0004F6 17                    1355 	.db #0x17	; 23
      0004F7 00                    1356 	.db #0x00	; 0
      0004F8 00                    1357 	.db #0x00	;  0
      0004F9 08                    1358 	.db #0x08	;  8
      0004FA 18                    1359 	.db #0x18	; 24
      0004FB 00                    1360 	.db #0x00	; 0
      0004FC 00                    1361 	.db #0x00	;  0
      0004FD 08                    1362 	.db #0x08	;  8
      0004FE 22                    1363 	.db #0x22	; 34
      0004FF 00                    1364 	.db #0x00	; 0
      000500 08                    1365 	.db #0x08	;  8
      000501 C8                    1366 	.db #0xc8	; -56
      000502 2D                    1367 	.db #0x2d	; 45
      000503 00                    1368 	.db #0x00	; 0
      000504 00                    1369 	.db #0x00	;  0
      000505 18                    1370 	.db #0x18	;  24
      000506 1B                    1371 	.db #0x1b	; 27
      000507 00                    1372 	.db #0x00	; 0
      000508 00                    1373 	.db #0x00	;  0
      000509 08                    1374 	.db #0x08	;  8
      00050A 1C                    1375 	.db #0x1c	; 28
      00050B 00                    1376 	.db #0x00	; 0
      00050C 00                    1377 	.db #0x00	;  0
      00050D 08                    1378 	.db #0x08	;  8
      00050E 1D                    1379 	.db #0x1d	; 29
      00050F 00                    1380 	.db #0x00	; 0
      000510 00                    1381 	.db #0x00	;  0
      000511 08                    1382 	.db #0x08	;  8
      000512 1E                    1383 	.db #0x1e	; 30
      000513 00                    1384 	.db #0x00	; 0
      000514 80                    1385 	.db #0x80	; -128
      000515 00                    1386 	.db #0x00	;  0
      000516 00                    1387 	.db #0x00	; 0
      000517 00                    1388 	.db #0x00	; 0
      000518                       1389 _sprite_old_metasprite4:
      000518 F0                    1390 	.db #0xf0	; -16
      000519 E8                    1391 	.db #0xe8	; -24
      00051A 00                    1392 	.db #0x00	; 0
      00051B 00                    1393 	.db #0x00	; 0
      00051C 00                    1394 	.db #0x00	;  0
      00051D 08                    1395 	.db #0x08	;  8
      00051E 01                    1396 	.db #0x01	; 1
      00051F 00                    1397 	.db #0x00	; 0
      000520 00                    1398 	.db #0x00	;  0
      000521 08                    1399 	.db #0x08	;  8
      000522 02                    1400 	.db #0x02	; 2
      000523 00                    1401 	.db #0x00	; 0
      000524 00                    1402 	.db #0x00	;  0
      000525 08                    1403 	.db #0x08	;  8
      000526 03                    1404 	.db #0x03	; 3
      000527 00                    1405 	.db #0x00	; 0
      000528 00                    1406 	.db #0x00	;  0
      000529 08                    1407 	.db #0x08	;  8
      00052A 04                    1408 	.db #0x04	; 4
      00052B 00                    1409 	.db #0x00	; 0
      00052C 00                    1410 	.db #0x00	;  0
      00052D 08                    1411 	.db #0x08	;  8
      00052E 05                    1412 	.db #0x05	; 5
      00052F 00                    1413 	.db #0x00	; 0
      000530 08                    1414 	.db #0x08	;  8
      000531 D8                    1415 	.db #0xd8	; -40
      000532 06                    1416 	.db #0x06	; 6
      000533 00                    1417 	.db #0x00	; 0
      000534 00                    1418 	.db #0x00	;  0
      000535 08                    1419 	.db #0x08	;  8
      000536 07                    1420 	.db #0x07	; 7
      000537 00                    1421 	.db #0x00	; 0
      000538 00                    1422 	.db #0x00	;  0
      000539 08                    1423 	.db #0x08	;  8
      00053A 08                    1424 	.db #0x08	; 8
      00053B 00                    1425 	.db #0x00	; 0
      00053C 00                    1426 	.db #0x00	;  0
      00053D 08                    1427 	.db #0x08	;  8
      00053E 09                    1428 	.db #0x09	; 9
      00053F 00                    1429 	.db #0x00	; 0
      000540 00                    1430 	.db #0x00	;  0
      000541 08                    1431 	.db #0x08	;  8
      000542 0A                    1432 	.db #0x0a	; 10
      000543 00                    1433 	.db #0x00	; 0
      000544 00                    1434 	.db #0x00	;  0
      000545 08                    1435 	.db #0x08	;  8
      000546 0B                    1436 	.db #0x0b	; 11
      000547 00                    1437 	.db #0x00	; 0
      000548 00                    1438 	.db #0x00	;  0
      000549 08                    1439 	.db #0x08	;  8
      00054A 0C                    1440 	.db #0x0c	; 12
      00054B 00                    1441 	.db #0x00	; 0
      00054C 08                    1442 	.db #0x08	;  8
      00054D D0                    1443 	.db #0xd0	; -48
      00054E 0D                    1444 	.db #0x0d	; 13
      00054F 00                    1445 	.db #0x00	; 0
      000550 00                    1446 	.db #0x00	;  0
      000551 08                    1447 	.db #0x08	;  8
      000552 0E                    1448 	.db #0x0e	; 14
      000553 00                    1449 	.db #0x00	; 0
      000554 00                    1450 	.db #0x00	;  0
      000555 08                    1451 	.db #0x08	;  8
      000556 0F                    1452 	.db #0x0f	; 15
      000557 00                    1453 	.db #0x00	; 0
      000558 00                    1454 	.db #0x00	;  0
      000559 08                    1455 	.db #0x08	;  8
      00055A 10                    1456 	.db #0x10	; 16
      00055B 00                    1457 	.db #0x00	; 0
      00055C 00                    1458 	.db #0x00	;  0
      00055D 08                    1459 	.db #0x08	;  8
      00055E 11                    1460 	.db #0x11	; 17
      00055F 00                    1461 	.db #0x00	; 0
      000560 00                    1462 	.db #0x00	;  0
      000561 08                    1463 	.db #0x08	;  8
      000562 12                    1464 	.db #0x12	; 18
      000563 00                    1465 	.db #0x00	; 0
      000564 00                    1466 	.db #0x00	;  0
      000565 08                    1467 	.db #0x08	;  8
      000566 13                    1468 	.db #0x13	; 19
      000567 00                    1469 	.db #0x00	; 0
      000568 08                    1470 	.db #0x08	;  8
      000569 C8                    1471 	.db #0xc8	; -56
      00056A 2E                    1472 	.db #0x2e	; 46
      00056B 00                    1473 	.db #0x00	; 0
      00056C 00                    1474 	.db #0x00	;  0
      00056D 08                    1475 	.db #0x08	;  8
      00056E 2C                    1476 	.db #0x2c	; 44
      00056F 00                    1477 	.db #0x00	; 0
      000570 00                    1478 	.db #0x00	;  0
      000571 10                    1479 	.db #0x10	;  16
      000572 15                    1480 	.db #0x15	; 21
      000573 00                    1481 	.db #0x00	; 0
      000574 00                    1482 	.db #0x00	;  0
      000575 08                    1483 	.db #0x08	;  8
      000576 16                    1484 	.db #0x16	; 22
      000577 00                    1485 	.db #0x00	; 0
      000578 00                    1486 	.db #0x00	;  0
      000579 08                    1487 	.db #0x08	;  8
      00057A 17                    1488 	.db #0x17	; 23
      00057B 00                    1489 	.db #0x00	; 0
      00057C 00                    1490 	.db #0x00	;  0
      00057D 08                    1491 	.db #0x08	;  8
      00057E 18                    1492 	.db #0x18	; 24
      00057F 00                    1493 	.db #0x00	; 0
      000580 00                    1494 	.db #0x00	;  0
      000581 08                    1495 	.db #0x08	;  8
      000582 19                    1496 	.db #0x19	; 25
      000583 00                    1497 	.db #0x00	; 0
      000584 08                    1498 	.db #0x08	;  8
      000585 C8                    1499 	.db #0xc8	; -56
      000586 2F                    1500 	.db #0x2f	; 47
      000587 00                    1501 	.db #0x00	; 0
      000588 00                    1502 	.db #0x00	;  0
      000589 18                    1503 	.db #0x18	;  24
      00058A 1B                    1504 	.db #0x1b	; 27
      00058B 00                    1505 	.db #0x00	; 0
      00058C 00                    1506 	.db #0x00	;  0
      00058D 08                    1507 	.db #0x08	;  8
      00058E 1C                    1508 	.db #0x1c	; 28
      00058F 00                    1509 	.db #0x00	; 0
      000590 00                    1510 	.db #0x00	;  0
      000591 08                    1511 	.db #0x08	;  8
      000592 1D                    1512 	.db #0x1d	; 29
      000593 00                    1513 	.db #0x00	; 0
      000594 00                    1514 	.db #0x00	;  0
      000595 08                    1515 	.db #0x08	;  8
      000596 1E                    1516 	.db #0x1e	; 30
      000597 00                    1517 	.db #0x00	; 0
      000598 80                    1518 	.db #0x80	; -128
      000599 00                    1519 	.db #0x00	;  0
      00059A 00                    1520 	.db #0x00	; 0
      00059B 00                    1521 	.db #0x00	; 0
      00059C                       1522 _sprite_old_metasprites:
      00059Cr04r03                 1523 	.dw _sprite_old_metasprite0
      00059Er84r03                 1524 	.dw _sprite_old_metasprite1
      0005A0r0Cr04                 1525 	.dw _sprite_old_metasprite2
      0005A2r94r04                 1526 	.dw _sprite_old_metasprite3
      0005A4r18r05                 1527 	.dw _sprite_old_metasprite4
                                   1528 	.area _INITIALIZER
                                   1529 	.area _CABS (ABS)
